<?xml version="1.0" encoding="UTF-8"?>
<testsuite name="demolition.EnemyDeathTest" tests="1" skipped="0" failures="0" errors="0" timestamp="2021-11-07T12:19:37" hostname="DESKTOP-NLUMMOC" time="1.15">
  <properties/>
  <testcase name="enemyDeathTest()" classname="demolition.EnemyDeathTest" time="1.15"/>
  <system-out><![CDATA[]]></system-out>
  <system-err><![CDATA[]]></system-err>
</testsuite>
