<?xml version="1.0" encoding="UTF-8"?>
<testsuite name="demolition.BombTest" tests="1" skipped="0" failures="0" errors="0" timestamp="2021-11-07T12:19:34" hostname="DESKTOP-NLUMMOC" time="1.79">
  <properties/>
  <testcase name="basicTest()" classname="demolition.BombTest" time="1.79"/>
  <system-out><![CDATA[]]></system-out>
  <system-err><![CDATA[]]></system-err>
</testsuite>
