<?xml version="1.0" encoding="UTF-8"?>
<testsuite name="demolition.GameWinTest" tests="1" skipped="0" failures="0" errors="0" timestamp="2021-11-07T12:19:41" hostname="DESKTOP-NLUMMOC" time="1.112">
  <properties/>
  <testcase name="gameWinTest()" classname="demolition.GameWinTest" time="1.112"/>
  <system-out><![CDATA[]]></system-out>
  <system-err><![CDATA[]]></system-err>
</testsuite>
