<?xml version="1.0" encoding="UTF-8"?>
<testsuite name="demolition.BreakWallTest" tests="1" skipped="0" failures="0" errors="0" timestamp="2021-11-07T12:19:35" hostname="DESKTOP-NLUMMOC" time="1.423">
  <properties/>
  <testcase name="basicTest()" classname="demolition.BreakWallTest" time="1.423"/>
  <system-out><![CDATA[]]></system-out>
  <system-err><![CDATA[]]></system-err>
</testsuite>
