<?xml version="1.0" encoding="UTF-8"?>
<testsuite name="demolition.GameOverTest" tests="2" skipped="0" failures="0" errors="0" timestamp="2021-11-07T12:19:38" hostname="DESKTOP-NLUMMOC" time="2.843">
  <properties/>
  <testcase name="bombDeathTest()" classname="demolition.GameOverTest" time="1.392"/>
  <testcase name="TimerTest()" classname="demolition.GameOverTest" time="1.45"/>
  <system-out><![CDATA[]]></system-out>
  <system-err><![CDATA[]]></system-err>
</testsuite>
